<?xml version="1.0" encoding="UTF-8"?>
<!-- Generated by org.testng.reporters.JUnitXMLReporter -->
<testsuite ignored="0" hostname="Anwayas-MacBook-Pro.local" failures="1" tests="1" name="Firefox Test" time="24.487" errors="0" timestamp="2023-07-24T21:38:46 IST">
  <testcase classname="testCases.TC_002_LoginDatadrivenTest" name="loginDataDriven" time="2.151">
    <failure type="org.testng.internal.reflect.MethodMatcherException" message="
[public void testCases.TC_002_LoginDatadrivenTest.loginDataDriven(java.lang.String,java.lang.String,java.lang.String)] has no parameters defined but was found to be using a data provider (either explicitly specified or inherited from class level annotation).
Data provider mismatch
Method: loginDataDriven([Parameter{index=0, type=java.lang.String, declaredAnnotations=[]}, Parameter{index=1, type=java.lang.String, declaredAnnotations=[]}, Parameter{index=2, type=java.lang.String, declaredAnnotations=[]}])
Arguments: [(java.lang.String) testuser1@yopmail.com,(java.lang.String) test@123,(java.lang.String) Invalid,(java.lang.String) ,(java.lang.String) ]">
      <![CDATA[org.testng.internal.reflect.MethodMatcherException: 
[public void testCases.TC_002_LoginDatadrivenTest.loginDataDriven(java.lang.String,java.lang.String,java.lang.String)] has no parameters defined but was found to be using a data provider (either explicitly specified or inherited from class level annotation).
Data provider mismatch
Method: loginDataDriven([Parameter{index=0, type=java.lang.String, declaredAnnotations=[]}, Parameter{index=1, type=java.lang.String, declaredAnnotations=[]}, Parameter{index=2, type=java.lang.String, declaredAnnotations=[]}])
Arguments: [(java.lang.String) testuser1@yopmail.com,(java.lang.String) test@123,(java.lang.String) Invalid,(java.lang.String) ,(java.lang.String) ]
at java.base/java.util.ArrayList.forEach(ArrayList.java:1511)
... Removed 22 stack frames]]>
    </failure>
  </testcase> <!-- loginDataDriven -->
</testsuite> <!-- Firefox Test -->
